d:\2016me\p3\fourier transform\fourier transform\fourier transform\fourier transform\release\vc140.pdb
d:\2016me\p3\fourier transform\fourier transform\fourier transform\fourier transform\release\ft.obj
d:\2016me\p3\fourier transform\fourier transform\fourier transform\fourier transform\release\datamanager.obj
d:\2016me\p3\fourier transform\fourier transform\fourier transform\fourier transform\release\myform.obj
d:\2016me\p3\fourier transform\fourier transform\fourier transform\fourier transform\release\fouriertransform.myform.resources
d:\2016me\p3\fourier transform\fourier transform\fourier transform\release\fouriertransform.exe
d:\2016me\p3\fourier transform\fourier transform\fourier transform\release\fouriertransform.pdb
d:\2016me\p3\fourier transform\fourier transform\fourier transform\fourier transform\release\fourier transform.vcxproj.generateresource.cache
d:\2016me\p3\fourier transform\fourier transform\fourier transform\fourier transform\release\fourier transform.vcxprojresolveassemblyreference.cache
d:\2016me\p3\fourier transform\fourier transform\fourier transform\fourier transform\release\.netframework,version=v4.5.2.assemblyattributes.obj
d:\2016me\p3\fourier transform\fourier transform\fourier transform\fourier transform\release\fouriertransform.tlog\cl.command.1.tlog
d:\2016me\p3\fourier transform\fourier transform\fourier transform\fourier transform\release\fouriertransform.tlog\cl.read.1.tlog
d:\2016me\p3\fourier transform\fourier transform\fourier transform\fourier transform\release\fouriertransform.tlog\cl.write.1.tlog
d:\2016me\p3\fourier transform\fourier transform\fourier transform\fourier transform\release\fouriertransform.tlog\fouriertransform.write.1u.tlog
d:\2016me\p3\fourier transform\fourier transform\fourier transform\fourier transform\release\fouriertransform.tlog\link.command.1.tlog
d:\2016me\p3\fourier transform\fourier transform\fourier transform\fourier transform\release\fouriertransform.tlog\link.read.1.tlog
d:\2016me\p3\fourier transform\fourier transform\fourier transform\fourier transform\release\fouriertransform.tlog\link.write.1.tlog
d:\2016me\p3\fourier transform\fourier transform\fourier transform\fourier transform\release\fouriertransform.tlog\metagen.read.1.tlog
d:\2016me\p3\fourier transform\fourier transform\fourier transform\fourier transform\release\fouriertransform.tlog\metagen.write.1.tlog
d:\2016me\p3\fourier transform\fourier transform\fourier transform\fourier transform\release\fouriertransform.tlog\rsaenh.dll.bi
d:\2016me\p3\fourier transform\fourier transform\fourier transform\fourier transform\release\fouriertransform.tlog\tzres.dll.bi
